<?xml version="1.0" encoding="UTF-8"?>
<robot generator="Robot 4.1.3 (Python 3.8.7 on linux)" generated="20211230 12:43:40.048" rpa="false" schemaversion="2">
<suite id="s1" name="Tests" source="/home/cabox/workspace/robot-bdd-sample/tests">
<suite id="s1-s1" name="Login Tests" source="/home/cabox/workspace/robot-bdd-sample/tests/login_tests.robot">
<test id="s1-s1-t1" name="Valid Login">
<kw name="Open Login Page Using Chrome Browser" library="resources" type="SETUP">
<kw name="Evaluate" library="BuiltIn">
<var>${chrome_options}</var>
<arg>sys.modules['selenium.webdriver'].ChromeOptions()</arg>
<arg>sys, selenium.webdriver</arg>
<doc>Evaluates the given expression in Python and returns the result.</doc>
<msg timestamp="20211230 12:43:40.416" level="INFO">${chrome_options} = &lt;selenium.webdriver.chrome.options.Options object at 0x7f5b6c5836a0&gt;</msg>
<status status="PASS" starttime="20211230 12:43:40.416" endtime="20211230 12:43:40.417"/>
</kw>
<kw name="Call Method" library="BuiltIn">
<arg>${chrome_options}</arg>
<arg>add_argument</arg>
<arg>test-type</arg>
<doc>Calls the named method of the given object with the provided arguments.</doc>
<status status="PASS" starttime="20211230 12:43:40.417" endtime="20211230 12:43:40.417"/>
</kw>
<kw name="Call Method" library="BuiltIn">
<arg>${chrome_options}</arg>
<arg>add_argument</arg>
<arg>--disable-extensions</arg>
<doc>Calls the named method of the given object with the provided arguments.</doc>
<status status="PASS" starttime="20211230 12:43:40.418" endtime="20211230 12:43:40.418"/>
</kw>
<kw name="Call Method" library="BuiltIn">
<arg>${chrome_options}</arg>
<arg>add_argument</arg>
<arg>--headless</arg>
<doc>Calls the named method of the given object with the provided arguments.</doc>
<status status="PASS" starttime="20211230 12:43:40.418" endtime="20211230 12:43:40.419"/>
</kw>
<kw name="Call Method" library="BuiltIn">
<arg>${chrome_options}</arg>
<arg>add_argument</arg>
<arg>--disable-gpu</arg>
<doc>Calls the named method of the given object with the provided arguments.</doc>
<status status="PASS" starttime="20211230 12:43:40.419" endtime="20211230 12:43:40.420"/>
</kw>
<kw name="Call Method" library="BuiltIn">
<arg>${chrome_options}</arg>
<arg>add_argument</arg>
<arg>--no-sandbox</arg>
<doc>Calls the named method of the given object with the provided arguments.</doc>
<status status="PASS" starttime="20211230 12:43:40.420" endtime="20211230 12:43:40.420"/>
</kw>
<kw name="Open Browser" library="SeleniumLibrary">
<arg>${LOGIN_PAGE}</arg>
<arg>Chrome</arg>
<arg>options=${chrome_options}</arg>
<arg>executable_path=${CHROMEDRIVER_PATH}</arg>
<doc>Opens a new browser instance to the optional ``url``.</doc>
<msg timestamp="20211230 12:43:40.422" level="INFO">Opening browser 'Chrome' to base url 'https://the-internet.herokuapp.com/login'.</msg>
<kw name="Capture Page Screenshot" library="SeleniumLibrary">
<doc>Takes a screenshot of the current page and embeds it into a log file.</doc>
<msg timestamp="20211230 12:43:41.052" level="INFO">Cannot capture screenshot because no browser is open.</msg>
<status status="PASS" starttime="20211230 12:43:41.051" endtime="20211230 12:43:41.052"/>
</kw>
<msg timestamp="20211230 12:43:41.056" level="FAIL">WebDriverException: Message: unknown error: Chrome failed to start: exited abnormally.
  (unknown error: DevToolsActivePort file doesn't exist)
  (The process started from chrome location /usr/bin/google-chrome is no longer running, so ChromeDriver is assuming that Chrome has crashed.)
Stacktrace:
#0 0x555583028ee3 &lt;unknown&gt;
#1 0x555582af6608 &lt;unknown&gt;
#2 0x555582b198ef &lt;unknown&gt;
#3 0x555582b1546f &lt;unknown&gt;
#4 0x555582b4ff45 &lt;unknown&gt;
#5 0x555582b4a163 &lt;unknown&gt;
#6 0x555582b1fbfc &lt;unknown&gt;
#7 0x555582b20c05 &lt;unknown&gt;
#8 0x55558305abaa &lt;unknown&gt;
#9 0x555583070651 &lt;unknown&gt;
#10 0x55558305bb05 &lt;unknown&gt;
#11 0x555583071a68 &lt;unknown&gt;
#12 0x55558305005f &lt;unknown&gt;
#13 0x55558308c818 &lt;unknown&gt;
#14 0x55558308c998 &lt;unknown&gt;
#15 0x5555830a7eed &lt;unknown&gt;
#16 0x7f16bfaa76ba &lt;unknown&gt;
</msg>
<status status="FAIL" starttime="20211230 12:43:40.421" endtime="20211230 12:43:41.056"/>
</kw>
<status status="FAIL" starttime="20211230 12:43:40.415" endtime="20211230 12:43:41.057"/>
</kw>
<kw name="Close Browser" library="SeleniumLibrary" type="TEARDOWN">
<doc>Closes the current browser.</doc>
<status status="PASS" starttime="20211230 12:43:41.058" endtime="20211230 12:43:41.059"/>
</kw>
<status status="FAIL" starttime="20211230 12:43:40.414" endtime="20211230 12:43:41.059">Setup failed:
WebDriverException: Message: unknown error: Chrome failed to start: exited abnormally.
  (unknown error: DevToolsActivePort file doesn't exist)
  (The process started from chrome location /usr/bin/google-chrome is no longer running, so ChromeDriver is assuming that Chrome has crashed.)
Stacktrace:
#0 0x555583028ee3 &lt;unknown&gt;
#1 0x555582af6608 &lt;unknown&gt;
#2 0x555582b198ef &lt;unknown&gt;
#3 0x555582b1546f &lt;unknown&gt;
#4 0x555582b4ff45 &lt;unknown&gt;
#5 0x555582b4a163 &lt;unknown&gt;
#6 0x555582b1fbfc &lt;unknown&gt;
#7 0x555582b20c05 &lt;unknown&gt;
#8 0x55558305abaa &lt;unknown&gt;
#9 0x555583070651 &lt;unknown&gt;
#10 0x55558305bb05 &lt;unknown&gt;
#11 0x555583071a68 &lt;unknown&gt;
#12 0x55558305005f &lt;unknown&gt;
#13 0x55558308c818 &lt;unknown&gt;
#14 0x55558308c998 &lt;unknown&gt;
#15 0x5555830a7eed &lt;unknown&gt;
#16 0x7f16bfaa76ba &lt;unknown&gt;
</status>
</test>
<status status="FAIL" starttime="20211230 12:43:40.093" endtime="20211230 12:43:41.061"/>
</suite>
<status status="FAIL" starttime="20211230 12:43:40.057" endtime="20211230 12:43:41.064"/>
</suite>
<statistics>
<total>
<stat pass="0" fail="1" skip="0">All Tests</stat>
</total>
<tag>
</tag>
<suite>
<stat pass="0" fail="1" skip="0" id="s1" name="Tests">Tests</stat>
<stat pass="0" fail="1" skip="0" id="s1-s1" name="Login Tests">Tests.Login Tests</stat>
</suite>
</statistics>
<errors>
</errors>
</robot>
